This is pdfTeX, Version 3.14159265-2.6-1.40.18 (MiKTeX 2.9.6500 64-bit) (preloaded format=pdflatex 2017.11.30)  16 MAY 2018 09:05
entering extended mode
**./Laboverslag_Signaalverwerking.tex
(Laboverslag_Signaalverwerking.tex
LaTeX2e <2017-04-15>
Babel <3.15> and hyphenation patterns for 75 language(s) loaded.
("C:\Program Files\MiKTeX 2.9\tex\latex\base\article.cls"
Document Class: article 2014/09/29 v1.4h Standard LaTeX document class
("C:\Program Files\MiKTeX 2.9\tex\latex\base\size10.clo"
File: size10.clo 2014/09/29 v1.4h Standard LaTeX file (size option)
)
\c@part=\count79
\c@section=\count80
\c@subsection=\count81
\c@subsubsection=\count82
\c@paragraph=\count83
\c@subparagraph=\count84
\c@figure=\count85
\c@table=\count86
\abovecaptionskip=\skip41
\belowcaptionskip=\skip42
\bibindent=\dimen102
)
("C:\Program Files\MiKTeX 2.9\tex\latex\mathtools\mathtools.sty"
Package: mathtools 2018/01/08 v1.21 mathematical typesetting tools

("C:\Program Files\MiKTeX 2.9\tex\latex\graphics\keyval.sty"
Package: keyval 2014/10/28 v1.15 key=value parser (DPC)
\KV@toks@=\toks14
)
("C:\Program Files\MiKTeX 2.9\tex\latex\tools\calc.sty"
Package: calc 2014/10/28 v4.3 Infix arithmetic (KKT,FJ)
\calc@Acount=\count87
\calc@Bcount=\count88
\calc@Adimen=\dimen103
\calc@Bdimen=\dimen104
\calc@Askip=\skip43
\calc@Bskip=\skip44
LaTeX Info: Redefining \setlength on input line 80.
LaTeX Info: Redefining \addtolength on input line 81.
\calc@Ccount=\count89
\calc@Cskip=\skip45
)
("C:\Program Files\MiKTeX 2.9\tex\latex\mathtools\mhsetup.sty"
Package: mhsetup 2017/03/31 v1.3 programming setup (MH)
)
("C:\Program Files\MiKTeX 2.9\tex\latex\amsmath\amsmath.sty"
Package: amsmath 2017/09/02 v2.17a AMS math features
\@mathmargin=\skip46

For additional information on amsmath, use the `?' option.
("C:\Program Files\MiKTeX 2.9\tex\latex\amsmath\amstext.sty"
Package: amstext 2000/06/29 v2.01 AMS text

("C:\Program Files\MiKTeX 2.9\tex\latex\amsmath\amsgen.sty"
File: amsgen.sty 1999/11/30 v2.0 generic functions
\@emptytoks=\toks15
\ex@=\dimen105
))
("C:\Program Files\MiKTeX 2.9\tex\latex\amsmath\amsbsy.sty"
Package: amsbsy 1999/11/29 v1.2d Bold Symbols
\pmbraise@=\dimen106
)
("C:\Program Files\MiKTeX 2.9\tex\latex\amsmath\amsopn.sty"
Package: amsopn 2016/03/08 v2.02 operator names
)
\inf@bad=\count90
LaTeX Info: Redefining \frac on input line 213.
\uproot@=\count91
\leftroot@=\count92
LaTeX Info: Redefining \overline on input line 375.
\classnum@=\count93
\DOTSCASE@=\count94
LaTeX Info: Redefining \ldots on input line 472.
LaTeX Info: Redefining \dots on input line 475.
LaTeX Info: Redefining \cdots on input line 596.
\Mathstrutbox@=\box26
\strutbox@=\box27
\big@size=\dimen107
LaTeX Font Info:    Redeclaring font encoding OML on input line 712.
LaTeX Font Info:    Redeclaring font encoding OMS on input line 713.
\macc@depth=\count95
\c@MaxMatrixCols=\count96
\dotsspace@=\muskip10
\c@parentequation=\count97
\dspbrk@lvl=\count98
\tag@help=\toks16
\row@=\count99
\column@=\count100
\maxfields@=\count101
\andhelp@=\toks17
\eqnshift@=\dimen108
\alignsep@=\dimen109
\tagshift@=\dimen110
\tagwidth@=\dimen111
\totwidth@=\dimen112
\lineht@=\dimen113
\@envbody=\toks18
\multlinegap=\skip47
\multlinetaggap=\skip48
\mathdisplay@stack=\toks19
LaTeX Info: Redefining \[ on input line 2817.
LaTeX Info: Redefining \] on input line 2818.
)
LaTeX Info: Thecontrolsequence`\('isalreadyrobust on input line 129.
LaTeX Info: Thecontrolsequence`\)'isalreadyrobust on input line 129.
LaTeX Info: Thecontrolsequence`\['isalreadyrobust on input line 129.
LaTeX Info: Thecontrolsequence`\]'isalreadyrobust on input line 129.
\g_MT_multlinerow_int=\count102
\l_MT_multwidth_dim=\dimen114
\origjot=\skip49
\l_MT_shortvdotswithinadjustabove_dim=\dimen115
\l_MT_shortvdotswithinadjustbelow_dim=\dimen116
\l_MT_above_intertext_sep=\dimen117
\l_MT_below_intertext_sep=\dimen118
\l_MT_above_shortintertext_sep=\dimen119
\l_MT_below_shortintertext_sep=\dimen120
)
("C:\Program Files\MiKTeX 2.9\tex\latex\graphics\graphicx.sty"
Package: graphicx 2017/06/01 v1.1a Enhanced LaTeX Graphics (DPC,SPQR)

("C:\Program Files\MiKTeX 2.9\tex\latex\graphics\graphics.sty"
Package: graphics 2017/06/25 v1.2c Standard LaTeX Graphics (DPC,SPQR)

("C:\Program Files\MiKTeX 2.9\tex\latex\graphics\trig.sty"
Package: trig 2016/01/03 v1.10 sin cos tan (DPC)
)
("C:\Program Files\MiKTeX 2.9\tex\latex\graphics-cfg\graphics.cfg"
File: graphics.cfg 2016/06/04 v1.11 sample graphics configuration
)
Package graphics Info: Driver file: pdftex.def on input line 99.

("C:\Program Files\MiKTeX 2.9\tex\latex\graphics-def\pdftex.def"
File: pdftex.def 2017/06/24 v1.0g Graphics/color driver for pdftex
))
\Gin@req@height=\dimen121
\Gin@req@width=\dimen122
)
("C:\Program Files\MiKTeX 2.9\tex\latex\tools\xspace.sty"
Package: xspace 2014/10/28 v1.13 Space after command names (DPC,MH)
)
("C:\Program Files\MiKTeX 2.9\tex\latex\float\float.sty"
Package: float 2001/11/08 v1.3d Float enhancements (AL)
\c@float@type=\count103
\float@exts=\toks20
\float@box=\box28
\@float@everytoks=\toks21
\@floatcapt=\box29
)
("C:\Program Files\MiKTeX 2.9\tex\latex\pgf\frontendlayer\tikz.sty"
("C:\Program Files\MiKTeX 2.9\tex\latex\pgf\basiclayer\pgf.sty"
("C:\Program Files\MiKTeX 2.9\tex\latex\pgf\utilities\pgfrcs.sty"
("C:\Program Files\MiKTeX 2.9\tex\generic\pgf\utilities\pgfutil-common.tex"
\pgfutil@everybye=\toks22
\pgfutil@tempdima=\dimen123
\pgfutil@tempdimb=\dimen124

("C:\Program Files\MiKTeX 2.9\tex\generic\pgf\utilities\pgfutil-common-lists.te
x")) ("C:\Program Files\MiKTeX 2.9\tex\generic\pgf\utilities\pgfutil-latex.def"
\pgfutil@abb=\box30
("C:\Program Files\MiKTeX 2.9\tex\latex\ms\everyshi.sty"
Package: everyshi 2001/05/15 v3.00 EveryShipout Package (MS)
))
("C:\Program Files\MiKTeX 2.9\tex\generic\pgf\utilities\pgfrcs.code.tex"
Package: pgfrcs 2015/08/07 v3.0.1a (rcs-revision 1.31)
))
Package: pgf 2015/08/07 v3.0.1a (rcs-revision 1.15)

("C:\Program Files\MiKTeX 2.9\tex\latex\pgf\basiclayer\pgfcore.sty"
("C:\Program Files\MiKTeX 2.9\tex\latex\pgf\systemlayer\pgfsys.sty"
("C:\Program Files\MiKTeX 2.9\tex\generic\pgf\systemlayer\pgfsys.code.tex"
Package: pgfsys 2014/07/09 v3.0.1a (rcs-revision 1.48)

("C:\Program Files\MiKTeX 2.9\tex\generic\pgf\utilities\pgfkeys.code.tex"
\pgfkeys@pathtoks=\toks23
\pgfkeys@temptoks=\toks24

("C:\Program Files\MiKTeX 2.9\tex\generic\pgf\utilities\pgfkeysfiltered.code.te
x"
\pgfkeys@tmptoks=\toks25
))
\pgf@x=\dimen125
\pgf@y=\dimen126
\pgf@xa=\dimen127
\pgf@ya=\dimen128
\pgf@xb=\dimen129
\pgf@yb=\dimen130
\pgf@xc=\dimen131
\pgf@yc=\dimen132
\w@pgf@writea=\write3
\r@pgf@reada=\read1
\c@pgf@counta=\count104
\c@pgf@countb=\count105
\c@pgf@countc=\count106
\c@pgf@countd=\count107
\t@pgf@toka=\toks26
\t@pgf@tokb=\toks27
\t@pgf@tokc=\toks28
 ("C:\Program Files\MiKTeX 2.9\tex\generic\pgf\systemlayer\pgf.cfg"
File: pgf.cfg 2008/05/14  (rcs-revision 1.7)
)
Driver file for pgf: pgfsys-pdftex.def

("C:\Program Files\MiKTeX 2.9\tex\generic\pgf\systemlayer\pgfsys-pdftex.def"
File: pgfsys-pdftex.def 2014/10/11  (rcs-revision 1.35)

("C:\Program Files\MiKTeX 2.9\tex\generic\pgf\systemlayer\pgfsys-common-pdf.def
"
File: pgfsys-common-pdf.def 2013/10/10  (rcs-revision 1.13)
)))
("C:\Program Files\MiKTeX 2.9\tex\generic\pgf\systemlayer\pgfsyssoftpath.code.t
ex"
File: pgfsyssoftpath.code.tex 2013/09/09  (rcs-revision 1.9)
\pgfsyssoftpath@smallbuffer@items=\count108
\pgfsyssoftpath@bigbuffer@items=\count109
)
("C:\Program Files\MiKTeX 2.9\tex\generic\pgf\systemlayer\pgfsysprotocol.code.t
ex"
File: pgfsysprotocol.code.tex 2006/10/16  (rcs-revision 1.4)
)) ("C:\Program Files\MiKTeX 2.9\tex\latex\xcolor\xcolor.sty"
Package: xcolor 2016/05/11 v2.12 LaTeX color extensions (UK)

("C:\Program Files\MiKTeX 2.9\tex\latex\graphics-cfg\color.cfg"
File: color.cfg 2016/01/02 v1.6 sample color configuration
)
Package xcolor Info: Driver file: pdftex.def on input line 225.
Package xcolor Info: Model `cmy' substituted by `cmy0' on input line 1348.
Package xcolor Info: Model `hsb' substituted by `rgb' on input line 1352.
Package xcolor Info: Model `RGB' extended on input line 1364.
Package xcolor Info: Model `HTML' substituted by `rgb' on input line 1366.
Package xcolor Info: Model `Hsb' substituted by `hsb' on input line 1367.
Package xcolor Info: Model `tHsb' substituted by `hsb' on input line 1368.
Package xcolor Info: Model `HSB' substituted by `hsb' on input line 1369.
Package xcolor Info: Model `Gray' substituted by `gray' on input line 1370.
Package xcolor Info: Model `wave' substituted by `hsb' on input line 1371.
)
("C:\Program Files\MiKTeX 2.9\tex\generic\pgf\basiclayer\pgfcore.code.tex"
Package: pgfcore 2010/04/11 v3.0.1a (rcs-revision 1.7)

("C:\Program Files\MiKTeX 2.9\tex\generic\pgf\math\pgfmath.code.tex"
("C:\Program Files\MiKTeX 2.9\tex\generic\pgf\math\pgfmathcalc.code.tex"
("C:\Program Files\MiKTeX 2.9\tex\generic\pgf\math\pgfmathutil.code.tex")
("C:\Program Files\MiKTeX 2.9\tex\generic\pgf\math\pgfmathparser.code.tex"
\pgfmath@dimen=\dimen133
\pgfmath@count=\count110
\pgfmath@box=\box31
\pgfmath@toks=\toks29
\pgfmath@stack@operand=\toks30
\pgfmath@stack@operation=\toks31
)
("C:\Program Files\MiKTeX 2.9\tex\generic\pgf\math\pgfmathfunctions.code.tex"
("C:\Program Files\MiKTeX 2.9\tex\generic\pgf\math\pgfmathfunctions.basic.code.
tex")
("C:\Program Files\MiKTeX 2.9\tex\generic\pgf\math\pgfmathfunctions.trigonometr
ic.code.tex")
("C:\Program Files\MiKTeX 2.9\tex\generic\pgf\math\pgfmathfunctions.random.code
.tex")
("C:\Program Files\MiKTeX 2.9\tex\generic\pgf\math\pgfmathfunctions.comparison.
code.tex")
("C:\Program Files\MiKTeX 2.9\tex\generic\pgf\math\pgfmathfunctions.base.code.t
ex")
("C:\Program Files\MiKTeX 2.9\tex\generic\pgf\math\pgfmathfunctions.round.code.
tex")
("C:\Program Files\MiKTeX 2.9\tex\generic\pgf\math\pgfmathfunctions.misc.code.t
ex")
("C:\Program Files\MiKTeX 2.9\tex\generic\pgf\math\pgfmathfunctions.integerarit
hmetics.code.tex")))
("C:\Program Files\MiKTeX 2.9\tex\generic\pgf\math\pgfmathfloat.code.tex"
\c@pgfmathroundto@lastzeros=\count111
))
("C:\Program Files\MiKTeX 2.9\tex\generic\pgf\basiclayer\pgfcorepoints.code.tex
"
File: pgfcorepoints.code.tex 2013/10/07  (rcs-revision 1.27)
\pgf@picminx=\dimen134
\pgf@picmaxx=\dimen135
\pgf@picminy=\dimen136
\pgf@picmaxy=\dimen137
\pgf@pathminx=\dimen138
\pgf@pathmaxx=\dimen139
\pgf@pathminy=\dimen140
\pgf@pathmaxy=\dimen141
\pgf@xx=\dimen142
\pgf@xy=\dimen143
\pgf@yx=\dimen144
\pgf@yy=\dimen145
\pgf@zx=\dimen146
\pgf@zy=\dimen147
)
("C:\Program Files\MiKTeX 2.9\tex\generic\pgf\basiclayer\pgfcorepathconstruct.c
ode.tex"
File: pgfcorepathconstruct.code.tex 2013/10/07  (rcs-revision 1.29)
\pgf@path@lastx=\dimen148
\pgf@path@lasty=\dimen149
)
("C:\Program Files\MiKTeX 2.9\tex\generic\pgf\basiclayer\pgfcorepathusage.code.
tex"
File: pgfcorepathusage.code.tex 2014/11/02  (rcs-revision 1.24)
\pgf@shorten@end@additional=\dimen150
\pgf@shorten@start@additional=\dimen151
)
("C:\Program Files\MiKTeX 2.9\tex\generic\pgf\basiclayer\pgfcorescopes.code.tex
"
File: pgfcorescopes.code.tex 2015/05/08  (rcs-revision 1.46)
\pgfpic=\box32
\pgf@hbox=\box33
\pgf@layerbox@main=\box34
\pgf@picture@serial@count=\count112
)
("C:\Program Files\MiKTeX 2.9\tex\generic\pgf\basiclayer\pgfcoregraphicstate.co
de.tex"
File: pgfcoregraphicstate.code.tex 2014/11/02  (rcs-revision 1.12)
\pgflinewidth=\dimen152
)
("C:\Program Files\MiKTeX 2.9\tex\generic\pgf\basiclayer\pgfcoretransformations
.code.tex"
File: pgfcoretransformations.code.tex 2015/08/07  (rcs-revision 1.20)
\pgf@pt@x=\dimen153
\pgf@pt@y=\dimen154
\pgf@pt@temp=\dimen155
)
("C:\Program Files\MiKTeX 2.9\tex\generic\pgf\basiclayer\pgfcorequick.code.tex"
File: pgfcorequick.code.tex 2008/10/09  (rcs-revision 1.3)
)
("C:\Program Files\MiKTeX 2.9\tex\generic\pgf\basiclayer\pgfcoreobjects.code.te
x"
File: pgfcoreobjects.code.tex 2006/10/11  (rcs-revision 1.2)
)
("C:\Program Files\MiKTeX 2.9\tex\generic\pgf\basiclayer\pgfcorepathprocessing.
code.tex"
File: pgfcorepathprocessing.code.tex 2013/09/09  (rcs-revision 1.9)
)
("C:\Program Files\MiKTeX 2.9\tex\generic\pgf\basiclayer\pgfcorearrows.code.tex
"
File: pgfcorearrows.code.tex 2015/05/14  (rcs-revision 1.43)
\pgfarrowsep=\dimen156
)
("C:\Program Files\MiKTeX 2.9\tex\generic\pgf\basiclayer\pgfcoreshade.code.tex"
File: pgfcoreshade.code.tex 2013/07/15  (rcs-revision 1.15)
\pgf@max=\dimen157
\pgf@sys@shading@range@num=\count113
) ("C:\Program Files\MiKTeX 2.9\tex\generic\pgf\basiclayer\pgfcoreimage.code.te
x"
File: pgfcoreimage.code.tex 2013/07/15  (rcs-revision 1.18)

("C:\Program Files\MiKTeX 2.9\tex\generic\pgf\basiclayer\pgfcoreexternal.code.t
ex"
File: pgfcoreexternal.code.tex 2014/07/09  (rcs-revision 1.21)
\pgfexternal@startupbox=\box35
))
("C:\Program Files\MiKTeX 2.9\tex\generic\pgf\basiclayer\pgfcorelayers.code.tex
"
File: pgfcorelayers.code.tex 2013/07/18  (rcs-revision 1.7)
)
("C:\Program Files\MiKTeX 2.9\tex\generic\pgf\basiclayer\pgfcoretransparency.co
de.tex"
File: pgfcoretransparency.code.tex 2013/09/30  (rcs-revision 1.5)
)
("C:\Program Files\MiKTeX 2.9\tex\generic\pgf\basiclayer\pgfcorepatterns.code.t
ex"
File: pgfcorepatterns.code.tex 2013/11/07  (rcs-revision 1.5)
)))
("C:\Program Files\MiKTeX 2.9\tex\generic\pgf\modules\pgfmoduleshapes.code.tex"
File: pgfmoduleshapes.code.tex 2014/03/21  (rcs-revision 1.35)
\pgfnodeparttextbox=\box36
) ("C:\Program Files\MiKTeX 2.9\tex\generic\pgf\modules\pgfmoduleplot.code.tex"
File: pgfmoduleplot.code.tex 2015/08/03  (rcs-revision 1.13)
)
("C:\Program Files\MiKTeX 2.9\tex\latex\pgf\compatibility\pgfcomp-version-0-65.
sty"
Package: pgfcomp-version-0-65 2007/07/03 v3.0.1a (rcs-revision 1.7)
\pgf@nodesepstart=\dimen158
\pgf@nodesepend=\dimen159
)
("C:\Program Files\MiKTeX 2.9\tex\latex\pgf\compatibility\pgfcomp-version-1-18.
sty"
Package: pgfcomp-version-1-18 2007/07/23 v3.0.1a (rcs-revision 1.1)
)) ("C:\Program Files\MiKTeX 2.9\tex\latex\pgf\utilities\pgffor.sty"
("C:\Program Files\MiKTeX 2.9\tex\latex\pgf\utilities\pgfkeys.sty"
("C:\Program Files\MiKTeX 2.9\tex\generic\pgf\utilities\pgfkeys.code.tex"))
("C:\Program Files\MiKTeX 2.9\tex\latex\pgf\math\pgfmath.sty"
("C:\Program Files\MiKTeX 2.9\tex\generic\pgf\math\pgfmath.code.tex"))
("C:\Program Files\MiKTeX 2.9\tex\generic\pgf\utilities\pgffor.code.tex"
Package: pgffor 2013/12/13 v3.0.1a (rcs-revision 1.25)

("C:\Program Files\MiKTeX 2.9\tex\generic\pgf\math\pgfmath.code.tex")
\pgffor@iter=\dimen160
\pgffor@skip=\dimen161
\pgffor@stack=\toks32
\pgffor@toks=\toks33
))
("C:\Program Files\MiKTeX 2.9\tex\generic\pgf\frontendlayer\tikz\tikz.code.tex"
Package: tikz 2015/08/07 v3.0.1a (rcs-revision 1.151)

("C:\Program Files\MiKTeX 2.9\tex\generic\pgf\libraries\pgflibraryplothandlers.
code.tex"
File: pgflibraryplothandlers.code.tex 2013/08/31 v3.0.1a (rcs-revision 1.20)
\pgf@plot@mark@count=\count114
\pgfplotmarksize=\dimen162
)
\tikz@lastx=\dimen163
\tikz@lasty=\dimen164
\tikz@lastxsaved=\dimen165
\tikz@lastysaved=\dimen166
\tikzleveldistance=\dimen167
\tikzsiblingdistance=\dimen168
\tikz@figbox=\box37
\tikz@figbox@bg=\box38
\tikz@tempbox=\box39
\tikz@tempbox@bg=\box40
\tikztreelevel=\count115
\tikznumberofchildren=\count116
\tikznumberofcurrentchild=\count117
\tikz@fig@count=\count118

("C:\Program Files\MiKTeX 2.9\tex\generic\pgf\modules\pgfmodulematrix.code.tex"
File: pgfmodulematrix.code.tex 2013/09/17  (rcs-revision 1.8)
\pgfmatrixcurrentrow=\count119
\pgfmatrixcurrentcolumn=\count120
\pgf@matrix@numberofcolumns=\count121
)
\tikz@expandcount=\count122

("C:\Program Files\MiKTeX 2.9\tex\generic\pgf\frontendlayer\tikz\libraries\tikz
librarytopaths.code.tex"
File: tikzlibrarytopaths.code.tex 2008/06/17 v3.0.1a (rcs-revision 1.2)
))) (Laboverslag_Signaalverwerking.aux

LaTeX Warning: Label `fig:pz' multiply defined.


LaTeX Warning: Label `fig:pz' multiply defined.

)
\openout1 = `Laboverslag_Signaalverwerking.aux'.

LaTeX Font Info:    Checking defaults for OML/cmm/m/it on input line 18.
LaTeX Font Info:    ... okay on input line 18.
LaTeX Font Info:    Checking defaults for T1/cmr/m/n on input line 18.
LaTeX Font Info:    ... okay on input line 18.
LaTeX Font Info:    Checking defaults for OT1/cmr/m/n on input line 18.
LaTeX Font Info:    ... okay on input line 18.
LaTeX Font Info:    Checking defaults for OMS/cmsy/m/n on input line 18.
LaTeX Font Info:    ... okay on input line 18.
LaTeX Font Info:    Checking defaults for OMX/cmex/m/n on input line 18.
LaTeX Font Info:    ... okay on input line 18.
LaTeX Font Info:    Checking defaults for U/cmr/m/n on input line 18.
LaTeX Font Info:    ... okay on input line 18.
 ("C:\Program Files\MiKTeX 2.9\tex\context\base\supp-pdf.mkii"
[Loading MPS to PDF converter (version 2006.09.02).]
\scratchcounter=\count123
\scratchdimen=\dimen169
\scratchbox=\box41
\nofMPsegments=\count124
\nofMParguments=\count125
\everyMPshowfont=\toks34
\MPscratchCnt=\count126
\MPscratchDim=\dimen170
\MPnumerator=\count127
\makeMPintoPDFobject=\count128
\everyMPtoPDFconversion=\toks35
) ("C:\Program Files\MiKTeX 2.9\tex\latex\oberdiek\epstopdf-base.sty"
Package: epstopdf-base 2016/05/15 v2.6 Base part for package epstopdf

("C:\Program Files\MiKTeX 2.9\tex\generic\oberdiek\infwarerr.sty"
Package: infwarerr 2016/05/16 v1.4 Providing info/warning/error messages (HO)
)
("C:\Program Files\MiKTeX 2.9\tex\latex\oberdiek\grfext.sty"
Package: grfext 2016/05/16 v1.2 Manage graphics extensions (HO)

("C:\Program Files\MiKTeX 2.9\tex\generic\oberdiek\kvdefinekeys.sty"
Package: kvdefinekeys 2016/05/16 v1.4 Define keys (HO)

("C:\Program Files\MiKTeX 2.9\tex\generic\oberdiek\ltxcmds.sty"
Package: ltxcmds 2016/05/16 v1.23 LaTeX kernel commands for general use (HO)
)))
("C:\Program Files\MiKTeX 2.9\tex\latex\oberdiek\kvoptions.sty"
Package: kvoptions 2016/05/16 v3.12 Key value format for package options (HO)

("C:\Program Files\MiKTeX 2.9\tex\generic\oberdiek\kvsetkeys.sty"
Package: kvsetkeys 2016/05/16 v1.17 Key value parser (HO)

("C:\Program Files\MiKTeX 2.9\tex\generic\oberdiek\etexcmds.sty"
Package: etexcmds 2016/05/16 v1.6 Avoid name clashes with e-TeX commands (HO)

("C:\Program Files\MiKTeX 2.9\tex\generic\oberdiek\ifluatex.sty"
Package: ifluatex 2016/05/16 v1.4 Provides the ifluatex switch (HO)
Package ifluatex Info: LuaTeX not detected.
)
Package etexcmds Info: Could not find \expanded.
(etexcmds)             That can mean that you are not using pdfTeX 1.50 or
(etexcmds)             that some package has redefined \expanded.
(etexcmds)             In the latter case, load this package earlier.
)))
("C:\Program Files\MiKTeX 2.9\tex\generic\oberdiek\pdftexcmds.sty"
Package: pdftexcmds 2017/03/19 v0.25 Utility functions of pdfTeX for LuaTeX (HO
)

("C:\Program Files\MiKTeX 2.9\tex\generic\oberdiek\ifpdf.sty"
Package: ifpdf 2017/03/15 v3.2 Provides the ifpdf switch
)
Package pdftexcmds Info: LuaTeX not detected.
Package pdftexcmds Info: \pdf@primitive is available.
Package pdftexcmds Info: \pdf@ifprimitive is available.
Package pdftexcmds Info: \pdfdraftmode found.
)
Package epstopdf-base Info: Redefining graphics rule for `.eps' on input line 4
38.
Package grfext Info: Graphics extension search list:
(grfext)             [.pdf,.png,.jpg,.mps,.jpeg,.jbig2,.jb2,.PDF,.PNG,.JPG,.JPE
G,.JBIG2,.JB2,.eps]
(grfext)             \AppendGraphicsExtensions on input line 456.
)
ABD: EveryShipout initializing macros
Overfull \hbox (16.63957pt too wide) in paragraph at lines 24--30
[] 
 []

<Afbeeldingen/schema.png, id=4, 840.13875pt x 409.53pt>
File: Afbeeldingen/schema.png Graphic file (type png)
<use Afbeeldingen/schema.png>
Package pdftex.def Info: Afbeeldingen/schema.png  used on input line 34. on inp
ut line 34.
Package pdftex.def Info: Requested size: 336.04955pt x 163.80908pt on input lin
e 34.
[1

{C:/Users/vande/AppData/Local/MiKTeX/2.9/pdftex/config/pdftex.map} <./Afbeeldin
gen/schema.png>]
<Afbeeldingen/schema_DC.png, id=19, 840.13875pt x 409.53pt>
File: Afbeeldingen/schema_DC.png Graphic file (type png)
<use Afbeeldingen/schema_DC.png>
Package pdftex.def Info: Afbeeldingen/schema_DC.png  used on input line 56. on 
input line 56.
Package pdftex.def Info: Requested size: 294.05296pt x 143.33765pt on input lin
e 56.
<Afbeeldingen/schema_hf.png, id=20, 840.13875pt x 409.53pt>
File: Afbeeldingen/schema_hf.png Graphic file (type png)
<use Afbeeldingen/schema_hf.png>
Package pdftex.def Info: Afbeeldingen/schema_hf.png  used on input line 76. on 
input line 76.
Package pdftex.def Info: Requested size: 294.05296pt x 143.33765pt on input lin
e 76.
 [2 <./Afbeeldingen/schema_DC.png> <./Afbeeldingen/schema_hf.png>] [3]
LaTeX Font Info:    Try loading font information for OMS+cmr on input line 147.

 ("C:\Program Files\MiKTeX 2.9\tex\latex\base\omscmr.fd"
File: omscmr.fd 2014/09/29 v2.5h Standard LaTeX font definitions
)
LaTeX Font Info:    Font shape `OMS/cmr/m/n' in size <10> not available
(Font)              Font shape `OMS/cmsy/m/n' tried instead on input line 147.
Missing character: There is no â in font cmr10!
Missing character: There is no ˆ in font cmr10!
Missing character: There is no ’ in font cmr10!
<Afbeeldingen/schets_pz.jpg, id=30, 231.264pt x 284.0211pt>
File: Afbeeldingen/schets_pz.jpg Graphic file (type jpg)
<use Afbeeldingen/schets_pz.jpg>
Package pdftex.def Info: Afbeeldingen/schets_pz.jpg  used on input line 193. on
 input line 193.
Package pdftex.def Info: Requested size: 277.5154pt x 340.82361pt on input line
 193.
 [4] [5 <./Afbeeldingen/schets_pz.jpg>]
<Afbeeldingen/schets_bode.png, id=38, 523.2348pt x 612.00645pt>
File: Afbeeldingen/schets_bode.png Graphic file (type png)
<use Afbeeldingen/schets_bode.png>
Package pdftex.def Info: Afbeeldingen/schets_bode.png  used on input line 205. 
on input line 205.
Package pdftex.def Info: Requested size: 341.43306pt x 399.36835pt on input lin
e 205.
 [6 <./Afbeeldingen/schets_bode.png>]
<Afbeeldingen/schets_step.jpg, id=43, 527.3301pt x 321.1197pt>
File: Afbeeldingen/schets_step.jpg Graphic file (type jpg)
<use Afbeeldingen/schets_step.jpg>
Package pdftex.def Info: Afbeeldingen/schets_step.jpg  used on input line 222. 
on input line 222.
Package pdftex.def Info: Requested size: 369.88582pt x 225.24774pt on input lin
e 222.

Overfull \hbox (24.88582pt too wide) in paragraph at lines 222--223
 [][] 
 []

[7 <./Afbeeldingen/schets_step.jpg>] [8] [9] [10] [11]
<Afbeeldingen/bode+freq.png, id=61, 872.50969pt x 481.04718pt>
File: Afbeeldingen/bode+freq.png Graphic file (type png)
<use Afbeeldingen/bode+freq.png>
Package pdftex.def Info: Afbeeldingen/bode+freq.png  used on input line 450. on
 input line 450.
Package pdftex.def Info: Requested size: 369.88582pt x 203.9322pt on input line
 450.

Overfull \hbox (24.88582pt too wide) in paragraph at lines 450--451
 [][] 
 []

<Afbeeldingen/pz.png, id=62, 875.52094pt x 509.65407pt>
File: Afbeeldingen/pz.png Graphic file (type png)
<use Afbeeldingen/pz.png>
Package pdftex.def Info: Afbeeldingen/pz.png  used on input line 459. on input 
line 459.
Package pdftex.def Info: Requested size: 369.88582pt x 215.31306pt on input lin
e 459.

Overfull \hbox (24.88582pt too wide) in paragraph at lines 459--460
 [][] 
 []

[12 <./Afbeeldingen/bode+freq.png>]
<Afbeeldingen/stap_1s.png, id=69, 331.2375pt x 291.33844pt>
File: Afbeeldingen/stap_1s.png Graphic file (type png)
<use Afbeeldingen/stap_1s.png>
Package pdftex.def Info: Afbeeldingen/stap_1s.png  used on input line 469. on i
nput line 469.
Package pdftex.def Info: Requested size: 256.0748pt x 225.23816pt on input line
 469.
 [13 <./Afbeeldingen/pz.png>]
<Afbeeldingen/stap_7s.png, id=74, 812.28468pt x 494.59781pt>
File: Afbeeldingen/stap_7s.png Graphic file (type png)
<use Afbeeldingen/stap_7s.png>
Package pdftex.def Info: Afbeeldingen/stap_7s.png  used on input line 476. on i
nput line 476.
Package pdftex.def Info: Requested size: 369.88582pt x 225.21593pt on input lin
e 476.

Overfull \hbox (24.88582pt too wide) in paragraph at lines 476--477
 [][] 
 []

<Afbeeldingen/bode_ideaal_smal.png, id=75, 910.90312pt x 317.68687pt>
File: Afbeeldingen/bode_ideaal_smal.png Graphic file (type png)
<use Afbeeldingen/bode_ideaal_smal.png>
Package pdftex.def Info: Afbeeldingen/bode_ideaal_smal.png  used on input line 
487. on input line 487.
Package pdftex.def Info: Requested size: 369.88582pt x 129.00179pt on input lin
e 487.

Overfull \hbox (24.88582pt too wide) in paragraph at lines 487--488
 [][] 
 []

[14 <./Afbeeldingen/stap_1s.png (PNG copy)> <./Afbeeldingen/stap_7s.png>]
<Afbeeldingen/bode_ideaal.png, id=79, 1388.93906pt x 522.45187pt>
File: Afbeeldingen/bode_ideaal.png Graphic file (type png)
<use Afbeeldingen/bode_ideaal.png>
Package pdftex.def Info: Afbeeldingen/bode_ideaal.png  used on input line 493. 
on input line 493.
Package pdftex.def Info: Requested size: 369.88582pt x 139.13467pt on input lin
e 493.

Overfull \hbox (24.88582pt too wide) in paragraph at lines 493--494
 [][] 
 []

<Afbeeldingen/fase_ideaal.png, id=80, 1391.95032pt x 523.9575pt>
File: Afbeeldingen/fase_ideaal.png Graphic file (type png)
<use Afbeeldingen/fase_ideaal.png>
Package pdftex.def Info: Afbeeldingen/fase_ideaal.png  used on input line 499. 
on input line 499.
Package pdftex.def Info: Requested size: 369.88582pt x 139.23183pt on input lin
e 499.

Overfull \hbox (24.88582pt too wide) in paragraph at lines 499--500
 [][] 
 []

[15 <./Afbeeldingen/bode_ideaal_smal.png> <./Afbeeldingen/bode_ideaal.png>]
[16 <./Afbeeldingen/fase_ideaal.png>]
<Afbeeldingen/bode_vcvs_smal.png, id=88, 1382.16376pt x 523.20468pt>
File: Afbeeldingen/bode_vcvs_smal.png Graphic file (type png)
<use Afbeeldingen/bode_vcvs_smal.png>
Package pdftex.def Info: Afbeeldingen/bode_vcvs_smal.png  used on input line 50
9. on input line 509.
Package pdftex.def Info: Requested size: 369.88582pt x 140.01375pt on input lin
e 509.

Overfull \hbox (24.88582pt too wide) in paragraph at lines 509--510
 [][] 
 []

<Afbeeldingen/bode_vcvs.png, id=89, 1390.44469pt x 523.20468pt>
File: Afbeeldingen/bode_vcvs.png Graphic file (type png)
<use Afbeeldingen/bode_vcvs.png>
Package pdftex.def Info: Afbeeldingen/bode_vcvs.png  used on input line 515. on
 input line 515.
Package pdftex.def Info: Requested size: 369.88582pt x 139.17548pt on input lin
e 515.

Overfull \hbox (24.88582pt too wide) in paragraph at lines 515--516
 [][] 
 []

<Afbeeldingen/fase_vcvs.png, id=90, 1392.70313pt x 521.69907pt>
File: Afbeeldingen/fase_vcvs.png Graphic file (type png)
<use Afbeeldingen/fase_vcvs.png>
Package pdftex.def Info: Afbeeldingen/fase_vcvs.png  used on input line 523. on
 input line 523.
Package pdftex.def Info: Requested size: 369.88582pt x 138.55208pt on input lin
e 523.

Overfull \hbox (24.88582pt too wide) in paragraph at lines 523--524
 [][] 
 []

[17 <./Afbeeldingen/bode_vcvs_smal.png> <./Afbeeldingen/bode_vcvs.png>]
[18 <./Afbeeldingen/fase_vcvs.png>]
<Afbeeldingen/bode_TL084_smal.png, id=98, 1391.1975pt x 521.69907pt>
File: Afbeeldingen/bode_TL084_smal.png Graphic file (type png)
<use Afbeeldingen/bode_TL084_smal.png>
Package pdftex.def Info: Afbeeldingen/bode_TL084_smal.png  used on input line 5
35. on input line 535.
Package pdftex.def Info: Requested size: 369.88582pt x 138.70334pt on input lin
e 535.

Overfull \hbox (24.88582pt too wide) in paragraph at lines 535--536
 [][] 
 []

<Afbeeldingen/bode_TL084.png, id=99, 1392.70313pt x 522.45187pt>
File: Afbeeldingen/bode_TL084.png Graphic file (type png)
<use Afbeeldingen/bode_TL084.png>
Package pdftex.def Info: Afbeeldingen/bode_TL084.png  used on input line 541. o
n input line 541.
Package pdftex.def Info: Requested size: 369.88582pt x 138.75201pt on input lin
e 541.

Overfull \hbox (24.88582pt too wide) in paragraph at lines 541--542
 [][] 
 []

<Afbeeldingen/fase_TL084.png, id=100, 1391.1975pt x 521.69907pt>
File: Afbeeldingen/fase_TL084.png Graphic file (type png)
<use Afbeeldingen/fase_TL084.png>
Package pdftex.def Info: Afbeeldingen/fase_TL084.png  used on input line 547. o
n input line 547.
Package pdftex.def Info: Requested size: 369.88582pt x 138.70334pt on input lin
e 547.

Overfull \hbox (24.88582pt too wide) in paragraph at lines 547--548
 [][] 
 []

[19 <./Afbeeldingen/bode_TL084_smal.png> <./Afbeeldingen/bode_TL084.png>]
[20 <./Afbeeldingen/fase_TL084.png>]
<Afbeeldingen/mc_transfer_smal.png, id=108, 1215.79219pt x 493.845pt>
File: Afbeeldingen/mc_transfer_smal.png Graphic file (type png)
<use Afbeeldingen/mc_transfer_smal.png>
Package pdftex.def Info: Afbeeldingen/mc_transfer_smal.png  used on input line 
557. on input line 557.
Package pdftex.def Info: Requested size: 369.88582pt x 150.24196pt on input lin
e 557.

Overfull \hbox (24.88582pt too wide) in paragraph at lines 557--558
 [][] 
 []

<Afbeeldingen/mc1.png, id=109, 1393.45593pt x 521.69907pt>
File: Afbeeldingen/mc1.png Graphic file (type png)
<use Afbeeldingen/mc1.png>
Package pdftex.def Info: Afbeeldingen/mc1.png  used on input line 564. on input
 line 564.
Package pdftex.def Info: Requested size: 369.88582pt x 138.48044pt on input lin
e 564.

Overfull \hbox (24.88582pt too wide) in paragraph at lines 564--565
 [][] 
 []

[21 <./Afbeeldingen/mc_transfer_smal.png> <./Afbeeldingen/mc1.png>]
Overfull \hbox (12.04695pt too wide) in paragraph at lines 573--574
\OT1/cmr/m/n/10 deze schom-melin-gen zijn vrij klein. We kun-nen dus zeggen da 
de in-gangsimpedantie
 []

<Afbeeldingen/ingangsimp.png, id=113, 1184.92688pt x 499.8675pt>
File: Afbeeldingen/ingangsimp.png Graphic file (type png)
<use Afbeeldingen/ingangsimp.png>
Package pdftex.def Info: Afbeeldingen/ingangsimp.png  used on input line 577. o
n input line 577.
Package pdftex.def Info: Requested size: 369.88582pt x 156.0404pt on input line
 577.

Overfull \hbox (24.88582pt too wide) in paragraph at lines 577--578
 [][] 
 []

<Afbeeldingen/stap.png, id=114, 905.63344pt x 316.93407pt>
File: Afbeeldingen/stap.png Graphic file (type png)
<use Afbeeldingen/stap.png>
Package pdftex.def Info: Afbeeldingen/stap.png  used on input line 586. on inpu
t line 586.
Package pdftex.def Info: Requested size: 369.88582pt x 129.44086pt on input lin
e 586.

Overfull \hbox (24.88582pt too wide) in paragraph at lines 586--587
 [][] 
 []

[22 <./Afbeeldingen/ingangsimp.png> <./Afbeeldingen/stap.png>]
(Laboverslag_Signaalverwerking.aux)

LaTeX Warning: There were multiply-defined labels.

 ) 
Here is how much of TeX's memory you used:
 12668 strings out of 493312
 252061 string characters out of 3138898
 290597 words of memory out of 3000000
 15955 multiletter control sequences out of 15000+200000
 9023 words of font info for 33 fonts, out of 3000000 for 9000
 1141 hyphenation exceptions out of 8191
 55i,9n,54p,556b,247s stack positions out of 5000i,500n,10000p,200000b,50000s
<C:/Program Files/MiKTeX 2.9/fonts/type1/public/amsfonts/cm/cmbx10.pfb><C:/Pr
ogram Files/MiKTeX 2.9/fonts/type1/public/amsfonts/cm/cmbx12.pfb><C:/Program Fi
les/MiKTeX 2.9/fonts/type1/public/amsfonts/cm/cmex10.pfb><C:/Program Files/MiKT
eX 2.9/fonts/type1/public/amsfonts/cm/cmmi10.pfb><C:/Program Files/MiKTeX 2.9/f
onts/type1/public/amsfonts/cm/cmmi5.pfb><C:/Program Files/MiKTeX 2.9/fonts/type
1/public/amsfonts/cm/cmmi7.pfb><C:/Program Files/MiKTeX 2.9/fonts/type1/public/
amsfonts/cm/cmr10.pfb><C:/Program Files/MiKTeX 2.9/fonts/type1/public/amsfonts/
cm/cmr12.pfb><C:/Program Files/MiKTeX 2.9/fonts/type1/public/amsfonts/cm/cmr17.
pfb><C:/Program Files/MiKTeX 2.9/fonts/type1/public/amsfonts/cm/cmr5.pfb><C:/Pr
ogram Files/MiKTeX 2.9/fonts/type1/public/amsfonts/cm/cmr7.pfb><C:/Program File
s/MiKTeX 2.9/fonts/type1/public/amsfonts/cm/cmsy10.pfb><C:/Program Files/MiKTeX
 2.9/fonts/type1/public/amsfonts/cm/cmsy5.pfb><C:/Program Files/MiKTeX 2.9/font
s/type1/public/amsfonts/cm/cmsy7.pfb>
Output written on Laboverslag_Signaalverwerking.pdf (22 pages, 3359342 bytes).
PDF statistics:
 164 PDF objects out of 1000 (max. 8388607)
 0 named destinations out of 1000 (max. 500000)
 128 words of extra memory for PDF output out of 10000 (max. 10000000)

